Using pre-set license
Built from '2021.3/staging' branch; Version is '2021.3.13f1 (9e7d58001ecf) revision 10386776'; Using compiler version '192829333'; Build Type 'Release'
OS: 'Windows 10  (10.0.19045) 64bit Professional' Language: 'ru' Physical Memory: 16314 MB
BatchMode: 1, IsHumanControllingUs: 0, StartBugReporterOnCrash: 0, Is64bit: 1, IsPro: 1

COMMAND LINE ARGUMENTS:
E:\Programms\Unity\Versions\2021.3.13f1\Editor\Unity.exe
-adb2
-batchMode
-noUpm
-name
AssetImportWorker2
-projectPath
F:/Nukio_project/jump_game/game
-logFile
Logs/AssetImportWorker2.log
-srvPort
51541
Successfully changed project path to: F:/Nukio_project/jump_game/game
F:/Nukio_project/jump_game/game
[UnityMemory] Configuration Parameters - Can be set up in boot.config
    "memorysetup-bucket-allocator-granularity=16"
    "memorysetup-bucket-allocator-bucket-count=8"
    "memorysetup-bucket-allocator-block-size=33554432"
    "memorysetup-bucket-allocator-block-count=8"
    "memorysetup-main-allocator-block-size=16777216"
    "memorysetup-thread-allocator-block-size=16777216"
    "memorysetup-gfx-main-allocator-block-size=16777216"
    "memorysetup-gfx-thread-allocator-block-size=16777216"
    "memorysetup-cache-allocator-block-size=4194304"
    "memorysetup-typetree-allocator-block-size=2097152"
    "memorysetup-profiler-bucket-allocator-granularity=16"
    "memorysetup-profiler-bucket-allocator-bucket-count=8"
    "memorysetup-profiler-bucket-allocator-block-size=33554432"
    "memorysetup-profiler-bucket-allocator-block-count=8"
    "memorysetup-profiler-allocator-block-size=16777216"
    "memorysetup-profiler-editor-allocator-block-size=1048576"
    "memorysetup-temp-allocator-size-main=16777216"
    "memorysetup-job-temp-allocator-block-size=2097152"
    "memorysetup-job-temp-allocator-block-size-background=1048576"
    "memorysetup-job-temp-allocator-reduction-small-platforms=262144"
    "memorysetup-temp-allocator-size-background-worker=32768"
    "memorysetup-temp-allocator-size-job-worker=262144"
    "memorysetup-temp-allocator-size-preload-manager=33554432"
    "memorysetup-temp-allocator-size-nav-mesh-worker=65536"
    "memorysetup-temp-allocator-size-audio-worker=65536"
    "memorysetup-temp-allocator-size-cloud-worker=32768"
    "memorysetup-temp-allocator-size-gi-baking-worker=262144"
    "memorysetup-temp-allocator-size-gfx=262144"
Refreshing native plugins compatible for Editor in 124.85 ms, found 4 plugins.
Preloading 0 native plugins for Editor in 0.00 ms.
Initialize engine version: 2021.3.13f1 (9e7d58001ecf)
[Subsystems] Discovering subsystems at path E:/Programms/Unity/Versions/2021.3.13f1/Editor/Data/Resources/UnitySubsystems
[Subsystems] Discovering subsystems at path F:/Nukio_project/jump_game/game/Assets
GfxDevice: creating device client; threaded=0; jobified=0
Direct3D:
    Version:  Direct3D 11.0 [level 11.1]
    Renderer: NVIDIA GeForce GTX 1660 (ID=0x2184)
    Vendor:   NVIDIA
    VRAM:     5980 MB
    Driver:   31.0.15.2686
Initialize mono
Mono path[0] = 'E:/Programms/Unity/Versions/2021.3.13f1/Editor/Data/Managed'
Mono path[1] = 'E:/Programms/Unity/Versions/2021.3.13f1/Editor/Data/MonoBleedingEdge/lib/mono/unityjit-win32'
Mono config path = 'E:/Programms/Unity/Versions/2021.3.13f1/Editor/Data/MonoBleedingEdge/etc'
Using monoOptions --debugger-agent=transport=dt_socket,embedding=1,server=y,suspend=n,address=127.0.0.1:56416
Begin MonoManager ReloadAssembly
Registering precompiled unity dll's ...
Register platform support module: E:/Programms/Unity/Versions/2021.3.13f1/Editor/Data/PlaybackEngines/WebGLSupport/UnityEditor.WebGL.Extensions.dll
Register platform support module: E:/Programms/Unity/Versions/2021.3.13f1/Editor/Data/PlaybackEngines/AndroidPlayer/UnityEditor.Android.Extensions.dll
Register platform support module: E:/Programms/Unity/Versions/2021.3.13f1/Editor/Data/PlaybackEngines/WindowsStandaloneSupport/UnityEditor.WindowsStandalone.Extensions.dll
Registered in 0.006106 seconds.
Native extension for WindowsStandalone target not found
Native extension for Android target not found
Native extension for WebGL target not found
Refreshing native plugins compatible for Editor in 113.63 ms, found 4 plugins.
Preloading 0 native plugins for Editor in 0.00 ms.
Mono: successfully reloaded assembly
- Completed reload, in  0.802 seconds
Domain Reload Profiling:
	ReloadAssembly (803ms)
		BeginReloadAssembly (87ms)
			ExecutionOrderSort (0ms)
			DisableScriptedObjects (0ms)
			BackupInstance (0ms)
			ReleaseScriptingObjects (0ms)
			CreateAndSetChildDomain (1ms)
		EndReloadAssembly (587ms)
			LoadAssemblies (86ms)
			RebuildTransferFunctionScriptingTraits (0ms)
			SetupTypeCache (126ms)
			ReleaseScriptCaches (0ms)
			RebuildScriptCaches (31ms)
			SetupLoadedEditorAssemblies (367ms)
				LogAssemblyErrors (0ms)
				InitializePlatformSupportModulesInManaged (70ms)
				SetLoadedEditorAssemblies (0ms)
				RefreshPlugins (114ms)
				BeforeProcessingInitializeOnLoad (2ms)
				ProcessInitializeOnLoadAttributes (125ms)
				ProcessInitializeOnLoadMethodAttributes (56ms)
				AfterProcessingInitializeOnLoad (0ms)
				EditorAssembliesLoaded (0ms)
			ExecutionOrderSort2 (0ms)
			AwakeInstancesAfterBackupRestoration (0ms)
Platform modules already initialized, skipping
Registering precompiled user dll's ...
Registered in 0.007969 seconds.
Begin MonoManager ReloadAssembly
Symbol file LoadedFromMemory doesn't match image F:\Nukio_project\jump_game\game\Library\PackageCache\com.unity.visualscripting@1.7.8\Editor\VisualScripting.Core\Dependencies\YamlDotNet\Unity.VisualScripting.YamlDotNet.dll
Symbol file LoadedFromMemory doesn't match image F:\Nukio_project\jump_game\game\Library\PackageCache\com.unity.visualscripting@1.7.8\Editor\VisualScripting.Core\Dependencies\DotNetZip\Unity.VisualScripting.IonicZip.dll
Native extension for WindowsStandalone target not found
Native extension for Android target not found
Native extension for WebGL target not found
Refreshing native plugins compatible for Editor in 112.31 ms, found 4 plugins.
Preloading 0 native plugins for Editor in 0.00 ms.
Mono: successfully reloaded assembly
- Completed reload, in  1.545 seconds
Domain Reload Profiling:
	ReloadAssembly (1546ms)
		BeginReloadAssembly (247ms)
			ExecutionOrderSort (0ms)
			DisableScriptedObjects (8ms)
			BackupInstance (0ms)
			ReleaseScriptingObjects (0ms)
			CreateAndSetChildDomain (135ms)
		EndReloadAssembly (1157ms)
			LoadAssemblies (107ms)
			RebuildTransferFunctionScriptingTraits (0ms)
			SetupTypeCache (315ms)
			ReleaseScriptCaches (1ms)
			RebuildScriptCaches (73ms)
			SetupLoadedEditorAssemblies (610ms)
				LogAssemblyErrors (0ms)
				InitializePlatformSupportModulesInManaged (16ms)
				SetLoadedEditorAssemblies (0ms)
				RefreshPlugins (112ms)
				BeforeProcessingInitializeOnLoad (109ms)
				ProcessInitializeOnLoadAttributes (314ms)
				ProcessInitializeOnLoadMethodAttributes (54ms)
				AfterProcessingInitializeOnLoad (4ms)
				EditorAssembliesLoaded (0ms)
			ExecutionOrderSort2 (0ms)
			AwakeInstancesAfterBackupRestoration (7ms)
Platform modules already initialized, skipping
========================================================================
Worker process is ready to serve import requests
Launched and connected shader compiler UnityShaderCompiler.exe after 0.10 seconds
Refreshing native plugins compatible for Editor in 0.90 ms, found 4 plugins.
Preloading 0 native plugins for Editor in 0.00 ms.
Unloading 4252 Unused Serialized files (Serialized files now loaded: 0)
Unloading 57 unused Assets / (301.8 KB). Loaded Objects now: 4705.
Memory consumption went from 160.2 MB to 160.0 MB.
Total: 4.258900 ms (FindLiveObjects: 0.424700 ms CreateObjectMapping: 0.127300 ms MarkObjects: 3.489300 ms  DeleteObjects: 0.216100 ms)

AssetImportParameters requested are different than current active one (requested -> active):
  custom:video-decoder-ogg-theora: a1e56fd34408186e4bbccfd4996cb3dc -> 
  custom:container-muxer-webm: aa71ff27fc2769a1b78a27578f13a17b -> 
  custom:container-demuxer-webm: 4f35f7cbe854078d1ac9338744f61a02 -> 
  custom:video-encoder-webm-vp8: eb34c28f22e8b96e1ab97ce403110664 -> 
  custom:audio-encoder-webm-vorbis: bf7c407c2cedff20999df2af8eb42d56 -> 
  custom:framework-win-MediaFoundation: 216162199b28c13a410421893ffa2e32 -> 
  custom:container-demuxer-ogg: 62fdf1f143b41e24485cea50d1cbac27 -> 
  custom:video-decoder-webm-vp8: 9c59270c3fd7afecdb556c50c9e8de78 -> 
  custom:audio-decoder-ogg-vorbis: bf7c407c2cedff20999df2af8eb42d56 -> 
========================================================================
Received Import Request.
  Time since last request: 168369.290002 seconds.
  path: Assets/Resource/free-sky-with-clouds-background-pixel-art-set
  artifactKey: Guid(e33c6b4de0624064f840e3e5f9829303) Importer(815301076,1909f56bfc062723c751e8b465ee728b)
Start importing Assets/Resource/free-sky-with-clouds-background-pixel-art-set using Guid(e33c6b4de0624064f840e3e5f9829303) Importer(815301076,1909f56bfc062723c751e8b465ee728b)  -> (artifact id: '29c4b42b2ca2c2405e5ab0239a29326b') in 0.009650 seconds 
========================================================================
Received Import Request.
  Time since last request: 0.833034 seconds.
  path: Assets/Resource/free-sky-with-clouds-background-pixel-art-set/Clouds
  artifactKey: Guid(2c5e1e91c10bb6540be97d69ca290693) Importer(815301076,1909f56bfc062723c751e8b465ee728b)
Start importing Assets/Resource/free-sky-with-clouds-background-pixel-art-set/Clouds using Guid(2c5e1e91c10bb6540be97d69ca290693) Importer(815301076,1909f56bfc062723c751e8b465ee728b)  -> (artifact id: '82f1e5ae74f1345213510195364a47bf') in 0.001581 seconds 
========================================================================
Received Import Request.
  Time since last request: 0.779426 seconds.
  path: Assets/Resource/free-sky-with-clouds-background-pixel-art-set/Clouds/Clouds 1
  artifactKey: Guid(71f89a669886b40419e7d132c885f717) Importer(815301076,1909f56bfc062723c751e8b465ee728b)
Start importing Assets/Resource/free-sky-with-clouds-background-pixel-art-set/Clouds/Clouds 1 using Guid(71f89a669886b40419e7d132c885f717) Importer(815301076,1909f56bfc062723c751e8b465ee728b)  -> (artifact id: '575add1970b7885b0ef5271f497d98f1') in 0.002058 seconds 
========================================================================
Received Import Request.
  Time since last request: 0.054437 seconds.
  path: Assets/Resource/free-sky-with-clouds-background-pixel-art-set/Clouds/Clouds 1/1.png
  artifactKey: Guid(81bd710a260e83b41bb3ceca2f50caa9) Importer(815301076,1909f56bfc062723c751e8b465ee728b)
Start importing Assets/Resource/free-sky-with-clouds-background-pixel-art-set/Clouds/Clouds 1/1.png using Guid(81bd710a260e83b41bb3ceca2f50caa9) Importer(815301076,1909f56bfc062723c751e8b465ee728b)  -> (artifact id: '9109444ad7d4605c1467a5a0ffabb2fb') in 0.177634 seconds 
========================================================================
Received Import Request.
  Time since last request: 1.640368 seconds.
  path: Assets/Resource/free-sky-with-clouds-background-pixel-art-set/License.txt
  artifactKey: Guid(951557476c0713c47b8a236a8c2f70bf) Importer(815301076,1909f56bfc062723c751e8b465ee728b)
Start importing Assets/Resource/free-sky-with-clouds-background-pixel-art-set/License.txt using Guid(951557476c0713c47b8a236a8c2f70bf) Importer(815301076,1909f56bfc062723c751e8b465ee728b)  -> (artifact id: 'ba18a873469818d67919bae7797badc3') in 0.010384 seconds 
========================================================================
Received Import Request.
  Time since last request: 9.148839 seconds.
  path: Assets/Resource/free-sky-with-clouds-background-pixel-art-set/Clouds/Clouds 7
  artifactKey: Guid(b33ba373dd3e6194aba17971eba906a2) Importer(815301076,1909f56bfc062723c751e8b465ee728b)
Start importing Assets/Resource/free-sky-with-clouds-background-pixel-art-set/Clouds/Clouds 7 using Guid(b33ba373dd3e6194aba17971eba906a2) Importer(815301076,1909f56bfc062723c751e8b465ee728b)  -> (artifact id: '7303290b73ac895cd40bdceffff6e907') in 0.001638 seconds 
========================================================================
Received Import Request.
  Time since last request: 0.032433 seconds.
  path: Assets/Resource/free-sky-with-clouds-background-pixel-art-set/Clouds/Clouds 7/1.png
  artifactKey: Guid(075892719b345d348b6217cc9a5cc65f) Importer(815301076,1909f56bfc062723c751e8b465ee728b)
Start importing Assets/Resource/free-sky-with-clouds-background-pixel-art-set/Clouds/Clouds 7/1.png using Guid(075892719b345d348b6217cc9a5cc65f) Importer(815301076,1909f56bfc062723c751e8b465ee728b)  -> (artifact id: 'da2508929dc8abfcabd2156d4c79d6cb') in 0.023701 seconds 
Editor requested this worker to shutdown with reason: Scaling down because of idle timeout
AssetImportWorker is now disconnected from the server
Process exiting
Exiting without the bug reporter. Application will terminate with return code 0