Using pre-set license
Built from '2021.3/staging' branch; Version is '2021.3.13f1 (9e7d58001ecf) revision 10386776'; Using compiler version '192829333'; Build Type 'Release'
OS: 'Windows 10  (10.0.19045) 64bit Professional' Language: 'ru' Physical Memory: 16314 MB
BatchMode: 1, IsHumanControllingUs: 0, StartBugReporterOnCrash: 0, Is64bit: 1, IsPro: 1

COMMAND LINE ARGUMENTS:
E:\Programms\Unity\Versions\2021.3.13f1\Editor\Unity.exe
-adb2
-batchMode
-noUpm
-name
AssetImportWorker4
-projectPath
F:/Nukio_project/jump_game/game
-logFile
Logs/AssetImportWorker4.log
-srvPort
51541
Successfully changed project path to: F:/Nukio_project/jump_game/game
F:/Nukio_project/jump_game/game
[UnityMemory] Configuration Parameters - Can be set up in boot.config
    "memorysetup-bucket-allocator-granularity=16"
    "memorysetup-bucket-allocator-bucket-count=8"
    "memorysetup-bucket-allocator-block-size=33554432"
    "memorysetup-bucket-allocator-block-count=8"
    "memorysetup-main-allocator-block-size=16777216"
    "memorysetup-thread-allocator-block-size=16777216"
    "memorysetup-gfx-main-allocator-block-size=16777216"
    "memorysetup-gfx-thread-allocator-block-size=16777216"
    "memorysetup-cache-allocator-block-size=4194304"
    "memorysetup-typetree-allocator-block-size=2097152"
    "memorysetup-profiler-bucket-allocator-granularity=16"
    "memorysetup-profiler-bucket-allocator-bucket-count=8"
    "memorysetup-profiler-bucket-allocator-block-size=33554432"
    "memorysetup-profiler-bucket-allocator-block-count=8"
    "memorysetup-profiler-allocator-block-size=16777216"
    "memorysetup-profiler-editor-allocator-block-size=1048576"
    "memorysetup-temp-allocator-size-main=16777216"
    "memorysetup-job-temp-allocator-block-size=2097152"
    "memorysetup-job-temp-allocator-block-size-background=1048576"
    "memorysetup-job-temp-allocator-reduction-small-platforms=262144"
    "memorysetup-temp-allocator-size-background-worker=32768"
    "memorysetup-temp-allocator-size-job-worker=262144"
    "memorysetup-temp-allocator-size-preload-manager=33554432"
    "memorysetup-temp-allocator-size-nav-mesh-worker=65536"
    "memorysetup-temp-allocator-size-audio-worker=65536"
    "memorysetup-temp-allocator-size-cloud-worker=32768"
    "memorysetup-temp-allocator-size-gi-baking-worker=262144"
    "memorysetup-temp-allocator-size-gfx=262144"
Refreshing native plugins compatible for Editor in 124.88 ms, found 4 plugins.
Preloading 0 native plugins for Editor in 0.00 ms.
Initialize engine version: 2021.3.13f1 (9e7d58001ecf)
[Subsystems] Discovering subsystems at path E:/Programms/Unity/Versions/2021.3.13f1/Editor/Data/Resources/UnitySubsystems
[Subsystems] Discovering subsystems at path F:/Nukio_project/jump_game/game/Assets
GfxDevice: creating device client; threaded=0; jobified=0
Direct3D:
    Version:  Direct3D 11.0 [level 11.1]
    Renderer: NVIDIA GeForce GTX 1660 (ID=0x2184)
    Vendor:   NVIDIA
    VRAM:     5980 MB
    Driver:   31.0.15.2686
Initialize mono
Mono path[0] = 'E:/Programms/Unity/Versions/2021.3.13f1/Editor/Data/Managed'
Mono path[1] = 'E:/Programms/Unity/Versions/2021.3.13f1/Editor/Data/MonoBleedingEdge/lib/mono/unityjit-win32'
Mono config path = 'E:/Programms/Unity/Versions/2021.3.13f1/Editor/Data/MonoBleedingEdge/etc'
Using monoOptions --debugger-agent=transport=dt_socket,embedding=1,server=y,suspend=n,address=127.0.0.1:56408
Begin MonoManager ReloadAssembly
Registering precompiled unity dll's ...
Register platform support module: E:/Programms/Unity/Versions/2021.3.13f1/Editor/Data/PlaybackEngines/WebGLSupport/UnityEditor.WebGL.Extensions.dll
Register platform support module: E:/Programms/Unity/Versions/2021.3.13f1/Editor/Data/PlaybackEngines/AndroidPlayer/UnityEditor.Android.Extensions.dll
Register platform support module: E:/Programms/Unity/Versions/2021.3.13f1/Editor/Data/PlaybackEngines/WindowsStandaloneSupport/UnityEditor.WindowsStandalone.Extensions.dll
Registered in 0.005759 seconds.
Native extension for WindowsStandalone target not found
Native extension for Android target not found
Native extension for WebGL target not found
Refreshing native plugins compatible for Editor in 116.44 ms, found 4 plugins.
Preloading 0 native plugins for Editor in 0.00 ms.
Mono: successfully reloaded assembly
- Completed reload, in  0.808 seconds
Domain Reload Profiling:
	ReloadAssembly (808ms)
		BeginReloadAssembly (87ms)
			ExecutionOrderSort (0ms)
			DisableScriptedObjects (0ms)
			BackupInstance (0ms)
			ReleaseScriptingObjects (0ms)
			CreateAndSetChildDomain (1ms)
		EndReloadAssembly (594ms)
			LoadAssemblies (86ms)
			RebuildTransferFunctionScriptingTraits (0ms)
			SetupTypeCache (128ms)
			ReleaseScriptCaches (0ms)
			RebuildScriptCaches (32ms)
			SetupLoadedEditorAssemblies (374ms)
				LogAssemblyErrors (0ms)
				InitializePlatformSupportModulesInManaged (72ms)
				SetLoadedEditorAssemblies (2ms)
				RefreshPlugins (117ms)
				BeforeProcessingInitializeOnLoad (2ms)
				ProcessInitializeOnLoadAttributes (125ms)
				ProcessInitializeOnLoadMethodAttributes (57ms)
				AfterProcessingInitializeOnLoad (0ms)
				EditorAssembliesLoaded (0ms)
			ExecutionOrderSort2 (0ms)
			AwakeInstancesAfterBackupRestoration (0ms)
Platform modules already initialized, skipping
Registering precompiled user dll's ...
Registered in 0.008307 seconds.
Begin MonoManager ReloadAssembly
Symbol file LoadedFromMemory doesn't match image F:\Nukio_project\jump_game\game\Library\PackageCache\com.unity.visualscripting@1.7.8\Editor\VisualScripting.Core\Dependencies\YamlDotNet\Unity.VisualScripting.YamlDotNet.dll
Symbol file LoadedFromMemory doesn't match image F:\Nukio_project\jump_game\game\Library\PackageCache\com.unity.visualscripting@1.7.8\Editor\VisualScripting.Core\Dependencies\DotNetZip\Unity.VisualScripting.IonicZip.dll
Native extension for WindowsStandalone target not found
Native extension for Android target not found
Native extension for WebGL target not found
Refreshing native plugins compatible for Editor in 115.14 ms, found 4 plugins.
Preloading 0 native plugins for Editor in 0.00 ms.
Mono: successfully reloaded assembly
- Completed reload, in  1.574 seconds
Domain Reload Profiling:
	ReloadAssembly (1575ms)
		BeginReloadAssembly (248ms)
			ExecutionOrderSort (0ms)
			DisableScriptedObjects (8ms)
			BackupInstance (0ms)
			ReleaseScriptingObjects (0ms)
			CreateAndSetChildDomain (135ms)
		EndReloadAssembly (1186ms)
			LoadAssemblies (103ms)
			RebuildTransferFunctionScriptingTraits (0ms)
			SetupTypeCache (313ms)
			ReleaseScriptCaches (1ms)
			RebuildScriptCaches (74ms)
			SetupLoadedEditorAssemblies (638ms)
				LogAssemblyErrors (0ms)
				InitializePlatformSupportModulesInManaged (16ms)
				SetLoadedEditorAssemblies (0ms)
				RefreshPlugins (115ms)
				BeforeProcessingInitializeOnLoad (118ms)
				ProcessInitializeOnLoadAttributes (327ms)
				ProcessInitializeOnLoadMethodAttributes (56ms)
				AfterProcessingInitializeOnLoad (5ms)
				EditorAssembliesLoaded (0ms)
			ExecutionOrderSort2 (0ms)
			AwakeInstancesAfterBackupRestoration (9ms)
Platform modules already initialized, skipping
========================================================================
Worker process is ready to serve import requests
Launched and connected shader compiler UnityShaderCompiler.exe after 0.06 seconds
Refreshing native plugins compatible for Editor in 1.57 ms, found 4 plugins.
Preloading 0 native plugins for Editor in 0.00 ms.
Unloading 4252 Unused Serialized files (Serialized files now loaded: 0)
Unloading 57 unused Assets / (301.8 KB). Loaded Objects now: 4705.
Memory consumption went from 160.2 MB to 160.0 MB.
Total: 4.815700 ms (FindLiveObjects: 0.420200 ms CreateObjectMapping: 0.144800 ms MarkObjects: 3.975300 ms  DeleteObjects: 0.273900 ms)

AssetImportParameters requested are different than current active one (requested -> active):
  custom:video-decoder-ogg-theora: a1e56fd34408186e4bbccfd4996cb3dc -> 
  custom:container-muxer-webm: aa71ff27fc2769a1b78a27578f13a17b -> 
  custom:container-demuxer-webm: 4f35f7cbe854078d1ac9338744f61a02 -> 
  custom:video-encoder-webm-vp8: eb34c28f22e8b96e1ab97ce403110664 -> 
  custom:audio-encoder-webm-vorbis: bf7c407c2cedff20999df2af8eb42d56 -> 
  custom:framework-win-MediaFoundation: 216162199b28c13a410421893ffa2e32 -> 
  custom:container-demuxer-ogg: 62fdf1f143b41e24485cea50d1cbac27 -> 
  custom:video-decoder-webm-vp8: 9c59270c3fd7afecdb556c50c9e8de78 -> 
  custom:audio-decoder-ogg-vorbis: bf7c407c2cedff20999df2af8eb42d56 -> 
========================================================================
Received Import Request.
  Time since last request: 169142.326730 seconds.
  path: Assets/Resource/Traps/Platforms/Grey Off.png
  artifactKey: Guid(d975cb353b3fcc54e8da9c467ce3c8e0) Importer(815301076,1909f56bfc062723c751e8b465ee728b)
Start importing Assets/Resource/Traps/Platforms/Grey Off.png using Guid(d975cb353b3fcc54e8da9c467ce3c8e0) Importer(815301076,1909f56bfc062723c751e8b465ee728b)  -> (artifact id: '2330f8ee5e58b52dc9a8127e0a1f40de') in 0.162675 seconds 
========================================================================
Received Prepare
Registering precompiled user dll's ...
Registered in 0.009642 seconds.
Begin MonoManager ReloadAssembly
Symbol file LoadedFromMemory doesn't match image F:\Nukio_project\jump_game\game\Library\PackageCache\com.unity.visualscripting@1.7.8\Editor\VisualScripting.Core\Dependencies\YamlDotNet\Unity.VisualScripting.YamlDotNet.dll
Symbol file LoadedFromMemory doesn't match image F:\Nukio_project\jump_game\game\Library\PackageCache\com.unity.visualscripting@1.7.8\Editor\VisualScripting.Core\Dependencies\DotNetZip\Unity.VisualScripting.IonicZip.dll
Native extension for WindowsStandalone target not found
Native extension for Android target not found
Native extension for WebGL target not found
Refreshing native plugins compatible for Editor in 0.91 ms, found 4 plugins.
Preloading 0 native plugins for Editor in 0.00 ms.
Mono: successfully reloaded assembly
- Completed reload, in  1.339 seconds
Domain Reload Profiling:
	ReloadAssembly (1340ms)
		BeginReloadAssembly (151ms)
			ExecutionOrderSort (0ms)
			DisableScriptedObjects (8ms)
			BackupInstance (0ms)
			ReleaseScriptingObjects (0ms)
			CreateAndSetChildDomain (44ms)
		EndReloadAssembly (1053ms)
			LoadAssemblies (108ms)
			RebuildTransferFunctionScriptingTraits (0ms)
			SetupTypeCache (315ms)
			ReleaseScriptCaches (2ms)
			RebuildScriptCaches (65ms)
			SetupLoadedEditorAssemblies (499ms)
				LogAssemblyErrors (0ms)
				InitializePlatformSupportModulesInManaged (28ms)
				SetLoadedEditorAssemblies (1ms)
				RefreshPlugins (1ms)
				BeforeProcessingInitializeOnLoad (91ms)
				ProcessInitializeOnLoadAttributes (313ms)
				ProcessInitializeOnLoadMethodAttributes (62ms)
				AfterProcessingInitializeOnLoad (4ms)
				EditorAssembliesLoaded (0ms)
			ExecutionOrderSort2 (0ms)
			AwakeInstancesAfterBackupRestoration (11ms)
Platform modules already initialized, skipping
Refreshing native plugins compatible for Editor in 2.80 ms, found 4 plugins.
Preloading 0 native plugins for Editor in 0.00 ms.
Unloading 4234 Unused Serialized files (Serialized files now loaded: 0)
Unloading 32 unused Assets / (268.2 KB). Loaded Objects now: 4726.
Memory consumption went from 163.2 MB to 162.9 MB.
Total: 4.409300 ms (FindLiveObjects: 0.384500 ms CreateObjectMapping: 0.112200 ms MarkObjects: 3.691200 ms  DeleteObjects: 0.219700 ms)

AssetImportParameters requested are different than current active one (requested -> active):
  custom:video-decoder-ogg-theora: a1e56fd34408186e4bbccfd4996cb3dc -> 
  custom:container-muxer-webm: aa71ff27fc2769a1b78a27578f13a17b -> 
  custom:container-demuxer-webm: 4f35f7cbe854078d1ac9338744f61a02 -> 
  custom:video-encoder-webm-vp8: eb34c28f22e8b96e1ab97ce403110664 -> 
  custom:audio-encoder-webm-vorbis: bf7c407c2cedff20999df2af8eb42d56 -> 
  custom:framework-win-MediaFoundation: 216162199b28c13a410421893ffa2e32 -> 
  custom:container-demuxer-ogg: 62fdf1f143b41e24485cea50d1cbac27 -> 
  custom:video-decoder-webm-vp8: 9c59270c3fd7afecdb556c50c9e8de78 -> 
  custom:audio-decoder-ogg-vorbis: bf7c407c2cedff20999df2af8eb42d56 -> 
========================================================================
Received Prepare
Registering precompiled user dll's ...
Registered in 0.008203 seconds.
Begin MonoManager ReloadAssembly
Symbol file LoadedFromMemory doesn't match image F:\Nukio_project\jump_game\game\Library\PackageCache\com.unity.visualscripting@1.7.8\Editor\VisualScripting.Core\Dependencies\YamlDotNet\Unity.VisualScripting.YamlDotNet.dll
Symbol file LoadedFromMemory doesn't match image F:\Nukio_project\jump_game\game\Library\PackageCache\com.unity.visualscripting@1.7.8\Editor\VisualScripting.Core\Dependencies\DotNetZip\Unity.VisualScripting.IonicZip.dll
Native extension for WindowsStandalone target not found
Native extension for Android target not found
Native extension for WebGL target not found
Refreshing native plugins compatible for Editor in 1.49 ms, found 4 plugins.
Preloading 0 native plugins for Editor in 0.00 ms.
Mono: successfully reloaded assembly
- Completed reload, in  1.375 seconds
Domain Reload Profiling:
	ReloadAssembly (1376ms)
		BeginReloadAssembly (156ms)
			ExecutionOrderSort (0ms)
			DisableScriptedObjects (9ms)
			BackupInstance (0ms)
			ReleaseScriptingObjects (0ms)
			CreateAndSetChildDomain (44ms)
		EndReloadAssembly (1106ms)
			LoadAssemblies (106ms)
			RebuildTransferFunctionScriptingTraits (0ms)
			SetupTypeCache (324ms)
			ReleaseScriptCaches (2ms)
			RebuildScriptCaches (73ms)
			SetupLoadedEditorAssemblies (523ms)
				LogAssemblyErrors (0ms)
				InitializePlatformSupportModulesInManaged (29ms)
				SetLoadedEditorAssemblies (1ms)
				RefreshPlugins (2ms)
				BeforeProcessingInitializeOnLoad (95ms)
				ProcessInitializeOnLoadAttributes (333ms)
				ProcessInitializeOnLoadMethodAttributes (59ms)
				AfterProcessingInitializeOnLoad (5ms)
				EditorAssembliesLoaded (0ms)
			ExecutionOrderSort2 (0ms)
			AwakeInstancesAfterBackupRestoration (12ms)
Platform modules already initialized, skipping
Refreshing native plugins compatible for Editor in 2.92 ms, found 4 plugins.
Preloading 0 native plugins for Editor in 0.00 ms.
Unloading 4234 Unused Serialized files (Serialized files now loaded: 0)
Unloading 32 unused Assets / (268.3 KB). Loaded Objects now: 4741.
Memory consumption went from 163.2 MB to 162.9 MB.
Total: 4.938200 ms (FindLiveObjects: 0.367300 ms CreateObjectMapping: 0.119600 ms MarkObjects: 4.228600 ms  DeleteObjects: 0.221400 ms)

AssetImportParameters requested are different than current active one (requested -> active):
  custom:video-decoder-ogg-theora: a1e56fd34408186e4bbccfd4996cb3dc -> 
  custom:container-muxer-webm: aa71ff27fc2769a1b78a27578f13a17b -> 
  custom:container-demuxer-webm: 4f35f7cbe854078d1ac9338744f61a02 -> 
  custom:video-encoder-webm-vp8: eb34c28f22e8b96e1ab97ce403110664 -> 
  custom:audio-encoder-webm-vorbis: bf7c407c2cedff20999df2af8eb42d56 -> 
  custom:framework-win-MediaFoundation: 216162199b28c13a410421893ffa2e32 -> 
  custom:container-demuxer-ogg: 62fdf1f143b41e24485cea50d1cbac27 -> 
  custom:video-decoder-webm-vp8: 9c59270c3fd7afecdb556c50c9e8de78 -> 
  custom:audio-decoder-ogg-vorbis: bf7c407c2cedff20999df2af8eb42d56 -> 
========================================================================
Received Import Request.
  Time since last request: 159.742233 seconds.
  path: Assets/Scenes/Menu.unity
  artifactKey: Guid(fb6a1af387804fa4a9c2a370e6b7aea1) Importer(815301076,1909f56bfc062723c751e8b465ee728b)
Start importing Assets/Scenes/Menu.unity using Guid(fb6a1af387804fa4a9c2a370e6b7aea1) Importer(815301076,1909f56bfc062723c751e8b465ee728b)  -> (artifact id: '3a010777639ab02bf76e87be13a25e1b') in 0.010696 seconds 
========================================================================
Received Import Request.
  Time since last request: 173.538710 seconds.
  path: Assets/Resource/Main Characters/Pink Man/Double Jump (32x32).png
  artifactKey: Guid(9cfc79d9377544e42b9f8d46ae796e57) Importer(815301076,1909f56bfc062723c751e8b465ee728b)
Start importing Assets/Resource/Main Characters/Pink Man/Double Jump (32x32).png using Guid(9cfc79d9377544e42b9f8d46ae796e57) Importer(815301076,1909f56bfc062723c751e8b465ee728b)  -> (artifact id: '00000000000000000000000000000000') in 0.067517 seconds  code(4) message(Build asset version error: assets/resource/main characters/pink man/double jump (32x32).png.meta in SourceAssetDB has modification time of '2023-01-20T17:21:42.585252Z' while content on disk has modification time of '2023-02-01T17:13:07.8694771Z')
  ERROR: Build asset version error: assets/resource/main characters/pink man/double jump (32x32).png.meta in SourceAssetDB has modification time of '2023-01-20T17:21:42.585252Z' while content on disk has modification time of '2023-02-01T17:13:07.8694771Z'
========================================================================
Received Import Request.
  Time since last request: 0.000038 seconds.
  path: Assets/Resource/Main Characters/Pink Man/Run (32x32).png
  artifactKey: Guid(91a0d10ba2d1c6647873cc28e9c570ba) Importer(815301076,1909f56bfc062723c751e8b465ee728b)
Start importing Assets/Resource/Main Characters/Pink Man/Run (32x32).png using Guid(91a0d10ba2d1c6647873cc28e9c570ba) Importer(815301076,1909f56bfc062723c751e8b465ee728b)  -> (artifact id: '00000000000000000000000000000000') in 0.011364 seconds  code(4) message(Build asset version error: assets/resource/main characters/pink man/run (32x32).png.meta in SourceAssetDB has modification time of '2023-01-20T17:21:40.7708957Z' while content on disk has modification time of '2023-02-01T17:13:07.9165117Z')
  ERROR: Build asset version error: assets/resource/main characters/pink man/run (32x32).png.meta in SourceAssetDB has modification time of '2023-01-20T17:21:40.7708957Z' while content on disk has modification time of '2023-02-01T17:13:07.9165117Z'
========================================================================
Received Import Request.
  Time since last request: 0.000031 seconds.
  path: Assets/Resource/Main Characters/Pink Man/Idle (32x32).png
  artifactKey: Guid(d320bb97c040e9843bdd283d6803c051) Importer(815301076,1909f56bfc062723c751e8b465ee728b)
Start importing Assets/Resource/Main Characters/Pink Man/Idle (32x32).png using Guid(d320bb97c040e9843bdd283d6803c051) Importer(815301076,1909f56bfc062723c751e8b465ee728b)  -> (artifact id: '00000000000000000000000000000000') in 0.032719 seconds  code(4) message(Build asset version error: assets/resource/main characters/pink man/idle (32x32).png.meta in SourceAssetDB has modification time of '2023-01-20T20:48:30.5307341Z' while content on disk has modification time of '2023-02-01T17:13:07.9055185Z')
  ERROR: Build asset version error: assets/resource/main characters/pink man/idle (32x32).png.meta in SourceAssetDB has modification time of '2023-01-20T20:48:30.5307341Z' while content on disk has modification time of '2023-02-01T17:13:07.9055185Z'
========================================================================
Received Import Request.
  Time since last request: 0.000029 seconds.
  path: Assets/Resource/Main Characters/Pink Man/Wall Jump (32x32).png
  artifactKey: Guid(6a46ddd93a93898409552797862ee2c3) Importer(815301076,1909f56bfc062723c751e8b465ee728b)
Start importing Assets/Resource/Main Characters/Pink Man/Wall Jump (32x32).png using Guid(6a46ddd93a93898409552797862ee2c3) Importer(815301076,1909f56bfc062723c751e8b465ee728b)  -> (artifact id: '00000000000000000000000000000000') in 0.011962 seconds  code(4) message(Build asset version error: assets/resource/main characters/pink man/wall jump (32x32).png.meta in SourceAssetDB has modification time of '2023-01-20T17:21:42.1604683Z' while content on disk has modification time of '2023-02-01T17:13:07.907519Z')
  ERROR: Build asset version error: assets/resource/main characters/pink man/wall jump (32x32).png.meta in SourceAssetDB has modification time of '2023-01-20T17:21:42.1604683Z' while content on disk has modification time of '2023-02-01T17:13:07.907519Z'
========================================================================
Received Import Request.
  Time since last request: 22.914804 seconds.
  path: Assets/Resource/Main Characters/Pink Man/Double Jump (32x32).png
  artifactKey: Guid(9cfc79d9377544e42b9f8d46ae796e57) Importer(815301076,1909f56bfc062723c751e8b465ee728b)
Start importing Assets/Resource/Main Characters/Pink Man/Double Jump (32x32).png using Guid(9cfc79d9377544e42b9f8d46ae796e57) Importer(815301076,1909f56bfc062723c751e8b465ee728b)  -> (artifact id: '00000000000000000000000000000000') in 0.010011 seconds  code(4) message(Build asset version error: assets/resource/main characters/pink man/double jump (32x32).png.meta in SourceAssetDB has modification time of '2023-01-20T17:21:42.585252Z' while content on disk has modification time of '2023-02-01T17:13:07.8694771Z')
  ERROR: Build asset version error: assets/resource/main characters/pink man/double jump (32x32).png.meta in SourceAssetDB has modification time of '2023-01-20T17:21:42.585252Z' while content on disk has modification time of '2023-02-01T17:13:07.8694771Z'
========================================================================
Received Import Request.
  Time since last request: 0.000033 seconds.
  path: Assets/Resource/Main Characters/Pink Man/Run (32x32).png
  artifactKey: Guid(91a0d10ba2d1c6647873cc28e9c570ba) Importer(815301076,1909f56bfc062723c751e8b465ee728b)
Start importing Assets/Resource/Main Characters/Pink Man/Run (32x32).png using Guid(91a0d10ba2d1c6647873cc28e9c570ba) Importer(815301076,1909f56bfc062723c751e8b465ee728b)  -> (artifact id: '00000000000000000000000000000000') in 0.007914 seconds  code(4) message(Build asset version error: assets/resource/main characters/pink man/run (32x32).png.meta in SourceAssetDB has modification time of '2023-01-20T17:21:40.7708957Z' while content on disk has modification time of '2023-02-01T17:13:07.9165117Z')
  ERROR: Build asset version error: assets/resource/main characters/pink man/run (32x32).png.meta in SourceAssetDB has modification time of '2023-01-20T17:21:40.7708957Z' while content on disk has modification time of '2023-02-01T17:13:07.9165117Z'
========================================================================
Received Import Request.
  Time since last request: 0.000030 seconds.
  path: Assets/Resource/Main Characters/Pink Man/Idle (32x32).png
  artifactKey: Guid(d320bb97c040e9843bdd283d6803c051) Importer(815301076,1909f56bfc062723c751e8b465ee728b)
Start importing Assets/Resource/Main Characters/Pink Man/Idle (32x32).png using Guid(d320bb97c040e9843bdd283d6803c051) Importer(815301076,1909f56bfc062723c751e8b465ee728b)  -> (artifact id: '00000000000000000000000000000000') in 0.034445 seconds  code(4) message(Build asset version error: assets/resource/main characters/pink man/idle (32x32).png.meta in SourceAssetDB has modification time of '2023-01-20T20:48:30.5307341Z' while content on disk has modification time of '2023-02-01T17:13:07.9055185Z')
  ERROR: Build asset version error: assets/resource/main characters/pink man/idle (32x32).png.meta in SourceAssetDB has modification time of '2023-01-20T20:48:30.5307341Z' while content on disk has modification time of '2023-02-01T17:13:07.9055185Z'
========================================================================
Received Import Request.
  Time since last request: 0.000033 seconds.
  path: Assets/Resource/Main Characters/Pink Man/Wall Jump (32x32).png
  artifactKey: Guid(6a46ddd93a93898409552797862ee2c3) Importer(815301076,1909f56bfc062723c751e8b465ee728b)
Start importing Assets/Resource/Main Characters/Pink Man/Wall Jump (32x32).png using Guid(6a46ddd93a93898409552797862ee2c3) Importer(815301076,1909f56bfc062723c751e8b465ee728b)  -> (artifact id: '00000000000000000000000000000000') in 0.009766 seconds  code(4) message(Build asset version error: assets/resource/main characters/pink man/wall jump (32x32).png.meta in SourceAssetDB has modification time of '2023-01-20T17:21:42.1604683Z' while content on disk has modification time of '2023-02-01T17:13:07.907519Z')
  ERROR: Build asset version error: assets/resource/main characters/pink man/wall jump (32x32).png.meta in SourceAssetDB has modification time of '2023-01-20T17:21:42.1604683Z' while content on disk has modification time of '2023-02-01T17:13:07.907519Z'
========================================================================
Received Import Request.
  Time since last request: 11.673739 seconds.
  path: Assets/Resource/Main Characters/Pink Man/Double Jump (32x32).png
  artifactKey: Guid(9cfc79d9377544e42b9f8d46ae796e57) Importer(815301076,1909f56bfc062723c751e8b465ee728b)
Start importing Assets/Resource/Main Characters/Pink Man/Double Jump (32x32).png using Guid(9cfc79d9377544e42b9f8d46ae796e57) Importer(815301076,1909f56bfc062723c751e8b465ee728b)  -> (artifact id: '00000000000000000000000000000000') in 0.025509 seconds  code(4) message(Build asset version error: assets/resource/main characters/pink man/double jump (32x32).png.meta in SourceAssetDB has modification time of '2023-01-20T17:21:42.585252Z' while content on disk has modification time of '2023-02-01T17:13:07.8694771Z')
  ERROR: Build asset version error: assets/resource/main characters/pink man/double jump (32x32).png.meta in SourceAssetDB has modification time of '2023-01-20T17:21:42.585252Z' while content on disk has modification time of '2023-02-01T17:13:07.8694771Z'
========================================================================
Received Import Request.
  Time since last request: 0.000062 seconds.
  path: Assets/Resource/Main Characters/Pink Man/Idle (32x32).png
  artifactKey: Guid(d320bb97c040e9843bdd283d6803c051) Importer(815301076,1909f56bfc062723c751e8b465ee728b)
Start importing Assets/Resource/Main Characters/Pink Man/Idle (32x32).png using Guid(d320bb97c040e9843bdd283d6803c051) Importer(815301076,1909f56bfc062723c751e8b465ee728b)  -> (artifact id: 'e1bb6c38d2275fec5301b7e0d7011d8a') in 0.033734 seconds 
========================================================================
Received Import Request.
  Time since last request: 43.052300 seconds.
  path: Assets/Resource/ButtonAssetPack-Adwitr/Button (7).png
  artifactKey: Guid(3d33b54fb0f13da47bb59e6953e5bd8c) Importer(815301076,1909f56bfc062723c751e8b465ee728b)
Start importing Assets/Resource/ButtonAssetPack-Adwitr/Button (7).png using Guid(3d33b54fb0f13da47bb59e6953e5bd8c) Importer(815301076,1909f56bfc062723c751e8b465ee728b)  -> (artifact id: 'fd9b828065853e6fdf65f011cf5f797b') in 0.030360 seconds 
========================================================================
Received Import Request.
  Time since last request: 40.180193 seconds.
  path: Assets/Resource/ButtonAssetPack-Adwitr/Button (7).png
  artifactKey: Guid(3d33b54fb0f13da47bb59e6953e5bd8c) Importer(815301076,1909f56bfc062723c751e8b465ee728b)
Start importing Assets/Resource/ButtonAssetPack-Adwitr/Button (7).png using Guid(3d33b54fb0f13da47bb59e6953e5bd8c) Importer(815301076,1909f56bfc062723c751e8b465ee728b)  -> (artifact id: '92016c22b5670bab5dcf7a490cb8a249') in 0.068516 seconds 
========================================================================
Received Prepare
Registering precompiled user dll's ...
Registered in 0.007681 seconds.
Begin MonoManager ReloadAssembly
Symbol file LoadedFromMemory doesn't match image F:\Nukio_project\jump_game\game\Library\PackageCache\com.unity.visualscripting@1.7.8\Editor\VisualScripting.Core\Dependencies\YamlDotNet\Unity.VisualScripting.YamlDotNet.dll
Symbol file LoadedFromMemory doesn't match image F:\Nukio_project\jump_game\game\Library\PackageCache\com.unity.visualscripting@1.7.8\Editor\VisualScripting.Core\Dependencies\DotNetZip\Unity.VisualScripting.IonicZip.dll
Native extension for WindowsStandalone target not found
Native extension for Android target not found
Native extension for WebGL target not found
Refreshing native plugins compatible for Editor in 0.96 ms, found 4 plugins.
Preloading 0 native plugins for Editor in 0.00 ms.
Mono: successfully reloaded assembly
- Completed reload, in  1.320 seconds
Domain Reload Profiling:
	ReloadAssembly (1321ms)
		BeginReloadAssembly (163ms)
			ExecutionOrderSort (0ms)
			DisableScriptedObjects (9ms)
			BackupInstance (0ms)
			ReleaseScriptingObjects (0ms)
			CreateAndSetChildDomain (46ms)
		EndReloadAssembly (1036ms)
			LoadAssemblies (114ms)
			RebuildTransferFunctionScriptingTraits (0ms)
			SetupTypeCache (301ms)
			ReleaseScriptCaches (2ms)
			RebuildScriptCaches (63ms)
			SetupLoadedEditorAssemblies (497ms)
				LogAssemblyErrors (0ms)
				InitializePlatformSupportModulesInManaged (33ms)
				SetLoadedEditorAssemblies (1ms)
				RefreshPlugins (1ms)
				BeforeProcessingInitializeOnLoad (89ms)
				ProcessInitializeOnLoadAttributes (311ms)
				ProcessInitializeOnLoadMethodAttributes (57ms)
				AfterProcessingInitializeOnLoad (4ms)
				EditorAssembliesLoaded (0ms)
			ExecutionOrderSort2 (0ms)
			AwakeInstancesAfterBackupRestoration (11ms)
Platform modules already initialized, skipping
Refreshing native plugins compatible for Editor in 3.42 ms, found 4 plugins.
Preloading 0 native plugins for Editor in 0.00 ms.
Unloading 4234 Unused Serialized files (Serialized files now loaded: 0)
Unloading 32 unused Assets / (268.1 KB). Loaded Objects now: 4783.
Memory consumption went from 163.2 MB to 163.0 MB.
Total: 4.328400 ms (FindLiveObjects: 0.416200 ms CreateObjectMapping: 0.125800 ms MarkObjects: 3.580900 ms  DeleteObjects: 0.204200 ms)

AssetImportParameters requested are different than current active one (requested -> active):
  custom:video-decoder-ogg-theora: a1e56fd34408186e4bbccfd4996cb3dc -> 
  custom:container-muxer-webm: aa71ff27fc2769a1b78a27578f13a17b -> 
  custom:container-demuxer-webm: 4f35f7cbe854078d1ac9338744f61a02 -> 
  custom:video-encoder-webm-vp8: eb34c28f22e8b96e1ab97ce403110664 -> 
  custom:audio-encoder-webm-vorbis: bf7c407c2cedff20999df2af8eb42d56 -> 
  custom:framework-win-MediaFoundation: 216162199b28c13a410421893ffa2e32 -> 
  custom:container-demuxer-ogg: 62fdf1f143b41e24485cea50d1cbac27 -> 
  custom:video-decoder-webm-vp8: 9c59270c3fd7afecdb556c50c9e8de78 -> 
  custom:audio-decoder-ogg-vorbis: bf7c407c2cedff20999df2af8eb42d56 -> 
========================================================================
Received Import Request.
  Time since last request: 172.601176 seconds.
  path: Assets/Resource/Fonts
  artifactKey: Guid(48c01e91b2e16ab429f2482d98334c50) Importer(815301076,1909f56bfc062723c751e8b465ee728b)
Start importing Assets/Resource/Fonts using Guid(48c01e91b2e16ab429f2482d98334c50) Importer(815301076,1909f56bfc062723c751e8b465ee728b)  -> (artifact id: '8b62fc6e75275fd2cf007d9c163b2c00') in 0.011838 seconds 
========================================================================
Received Import Request.
  Time since last request: 3.713688 seconds.
  path: Assets/Resource/Fonts/m5x7.ttf
  artifactKey: Guid(218ed58d5addb3c489cf4488f24c272c) Importer(815301076,1909f56bfc062723c751e8b465ee728b)
Start importing Assets/Resource/Fonts/m5x7.ttf using Guid(218ed58d5addb3c489cf4488f24c272c) Importer(815301076,1909f56bfc062723c751e8b465ee728b)  -> (artifact id: '515f40eab2ae59d3f4bbb7481dd21a6a') in 0.111342 seconds 
========================================================================
Received Import Request.
  Time since last request: 97.507489 seconds.
  path: Assets/Resource/Fonts/m5x7 SDF.asset
  artifactKey: Guid(067270a77d40fb24399ad4947f6ed309) Importer(815301076,1909f56bfc062723c751e8b465ee728b)
Start importing Assets/Resource/Fonts/m5x7 SDF.asset using Guid(067270a77d40fb24399ad4947f6ed309) Importer(815301076,1909f56bfc062723c751e8b465ee728b)  -> (artifact id: '2c54934e80817981eb37c5310bb1135f') in 0.319677 seconds 
========================================================================
Received Import Request.
  Time since last request: 17.817604 seconds.
  path: Assets/Resource/Fonts/m5x7 SDF.asset
  artifactKey: Guid(067270a77d40fb24399ad4947f6ed309) Importer(815301076,1909f56bfc062723c751e8b465ee728b)
Start importing Assets/Resource/Fonts/m5x7 SDF.asset using Guid(067270a77d40fb24399ad4947f6ed309) Importer(815301076,1909f56bfc062723c751e8b465ee728b)  -> (artifact id: '261a3b5eb609cec554698b77c1809379') in 0.072374 seconds 
========================================================================
Received Import Request.
  Time since last request: 43.129816 seconds.
  path: Assets/Scenes/Game.unity
  artifactKey: Guid(2cda990e2423bbf4892e6590ba056729) Importer(815301076,1909f56bfc062723c751e8b465ee728b)
Start importing Assets/Scenes/Game.unity using Guid(2cda990e2423bbf4892e6590ba056729) Importer(815301076,1909f56bfc062723c751e8b465ee728b)  -> (artifact id: 'cac3068303f86c5275dcb90e7d3a803d') in 0.001585 seconds 
========================================================================
Received Import Request.
  Time since last request: 4.485233 seconds.
  path: Assets/Scenes/Menu.unity
  artifactKey: Guid(fb6a1af387804fa4a9c2a370e6b7aea1) Importer(815301076,1909f56bfc062723c751e8b465ee728b)
Start importing Assets/Scenes/Menu.unity using Guid(fb6a1af387804fa4a9c2a370e6b7aea1) Importer(815301076,1909f56bfc062723c751e8b465ee728b)  -> (artifact id: 'bc63683cd2d9407135bb56b8b31067b8') in 0.001709 seconds 
========================================================================
Received Import Request.
  Time since last request: 85.215850 seconds.
  path: Assets/Scenes/Game.unity
  artifactKey: Guid(2cda990e2423bbf4892e6590ba056729) Importer(815301076,1909f56bfc062723c751e8b465ee728b)
Start importing Assets/Scenes/Game.unity using Guid(2cda990e2423bbf4892e6590ba056729) Importer(815301076,1909f56bfc062723c751e8b465ee728b)  -> (artifact id: 'c2b683bfcf882638fbe36ed978af0260') in 0.001766 seconds 
========================================================================
Received Prepare
Registering precompiled user dll's ...
Registered in 0.007993 seconds.
Begin MonoManager ReloadAssembly
Symbol file LoadedFromMemory doesn't match image F:\Nukio_project\jump_game\game\Library\PackageCache\com.unity.visualscripting@1.7.8\Editor\VisualScripting.Core\Dependencies\YamlDotNet\Unity.VisualScripting.YamlDotNet.dll
Symbol file LoadedFromMemory doesn't match image F:\Nukio_project\jump_game\game\Library\PackageCache\com.unity.visualscripting@1.7.8\Editor\VisualScripting.Core\Dependencies\DotNetZip\Unity.VisualScripting.IonicZip.dll
Native extension for WindowsStandalone target not found
Native extension for Android target not found
Native extension for WebGL target not found
Refreshing native plugins compatible for Editor in 1.49 ms, found 4 plugins.
Preloading 0 native plugins for Editor in 0.00 ms.
Mono: successfully reloaded assembly
- Completed reload, in  1.403 seconds
Domain Reload Profiling:
	ReloadAssembly (1403ms)
		BeginReloadAssembly (162ms)
			ExecutionOrderSort (0ms)
			DisableScriptedObjects (8ms)
			BackupInstance (0ms)
			ReleaseScriptingObjects (0ms)
			CreateAndSetChildDomain (54ms)
		EndReloadAssembly (1125ms)
			LoadAssemblies (102ms)
			RebuildTransferFunctionScriptingTraits (0ms)
			SetupTypeCache (352ms)
			ReleaseScriptCaches (2ms)
			RebuildScriptCaches (70ms)
			SetupLoadedEditorAssemblies (522ms)
				LogAssemblyErrors (0ms)
				InitializePlatformSupportModulesInManaged (33ms)
				SetLoadedEditorAssemblies (1ms)
				RefreshPlugins (2ms)
				BeforeProcessingInitializeOnLoad (101ms)
				ProcessInitializeOnLoadAttributes (322ms)
				ProcessInitializeOnLoadMethodAttributes (59ms)
				AfterProcessingInitializeOnLoad (5ms)
				EditorAssembliesLoaded (0ms)
			ExecutionOrderSort2 (0ms)
			AwakeInstancesAfterBackupRestoration (11ms)
Platform modules already initialized, skipping
Refreshing native plugins compatible for Editor in 2.99 ms, found 4 plugins.
Preloading 0 native plugins for Editor in 0.00 ms.
Unloading 4234 Unused Serialized files (Serialized files now loaded: 0)
Unloading 32 unused Assets / (268.4 KB). Loaded Objects now: 4840.
Memory consumption went from 163.7 MB to 163.4 MB.
Total: 4.328500 ms (FindLiveObjects: 0.375300 ms CreateObjectMapping: 0.111900 ms MarkObjects: 3.631400 ms  DeleteObjects: 0.208800 ms)

AssetImportParameters requested are different than current active one (requested -> active):
  custom:video-decoder-ogg-theora: a1e56fd34408186e4bbccfd4996cb3dc -> 
  custom:container-muxer-webm: aa71ff27fc2769a1b78a27578f13a17b -> 
  custom:container-demuxer-webm: 4f35f7cbe854078d1ac9338744f61a02 -> 
  custom:video-encoder-webm-vp8: eb34c28f22e8b96e1ab97ce403110664 -> 
  custom:audio-encoder-webm-vorbis: bf7c407c2cedff20999df2af8eb42d56 -> 
  custom:framework-win-MediaFoundation: 216162199b28c13a410421893ffa2e32 -> 
  custom:container-demuxer-ogg: 62fdf1f143b41e24485cea50d1cbac27 -> 
  custom:video-decoder-webm-vp8: 9c59270c3fd7afecdb556c50c9e8de78 -> 
  custom:audio-decoder-ogg-vorbis: bf7c407c2cedff20999df2af8eb42d56 -> 
========================================================================
Received Import Request.
  Time since last request: 61.341076 seconds.
  path: Assets/Prefabs/Brown Off.prefab
  artifactKey: Guid(6b9514fc5a5c0034f9723fdcaf0fa424) Importer(815301076,1909f56bfc062723c751e8b465ee728b)
Start importing Assets/Prefabs/Brown Off.prefab using Guid(6b9514fc5a5c0034f9723fdcaf0fa424) Importer(815301076,1909f56bfc062723c751e8b465ee728b)  -> (artifact id: '9d3be15fbf0de75bc3dfbb017f5ba613') in 0.110283 seconds 
========================================================================
Received Import Request.
  Time since last request: 55.533157 seconds.
  path: Assets/TextMesh Pro/Examples & Extras/Resources/Fonts & Materials/Anton SDF.asset
  artifactKey: Guid(8a89fa14b10d46a99122fd4f73fca9a2) Importer(815301076,1909f56bfc062723c751e8b465ee728b)
Start importing Assets/TextMesh Pro/Examples & Extras/Resources/Fonts & Materials/Anton SDF.asset using Guid(8a89fa14b10d46a99122fd4f73fca9a2) Importer(815301076,1909f56bfc062723c751e8b465ee728b)  -> (artifact id: '2235a1eafdcec1b931e6003aeb50e08b') in 0.074560 seconds 
========================================================================
Received Import Request.
  Time since last request: 0.000028 seconds.
  path: Assets/TextMesh Pro/Examples & Extras/Resources/Fonts & Materials/Electronic Highway Sign SDF.asset
  artifactKey: Guid(dc36b3fdc14f47ebb36fd484a67e268a) Importer(815301076,1909f56bfc062723c751e8b465ee728b)
Start importing Assets/TextMesh Pro/Examples & Extras/Resources/Fonts & Materials/Electronic Highway Sign SDF.asset using Guid(dc36b3fdc14f47ebb36fd484a67e268a) Importer(815301076,1909f56bfc062723c751e8b465ee728b)  -> (artifact id: 'e0fd14a01a08504dcfe9f0b19caed42d') in 0.016166 seconds 
========================================================================
Received Import Request.
  Time since last request: 0.000024 seconds.
  path: Assets/TextMesh Pro/Resources/Fonts & Materials/LiberationSans SDF - Fallback.asset
  artifactKey: Guid(2e498d1c8094910479dc3e1b768306a4) Importer(815301076,1909f56bfc062723c751e8b465ee728b)
Start importing Assets/TextMesh Pro/Resources/Fonts & Materials/LiberationSans SDF - Fallback.asset using Guid(2e498d1c8094910479dc3e1b768306a4) Importer(815301076,1909f56bfc062723c751e8b465ee728b)  -> (artifact id: '3b6ab02b606121e93f36035d8894f499') in 0.024930 seconds 
========================================================================
Received Import Request.
  Time since last request: 0.000029 seconds.
  path: Assets/TextMesh Pro/Examples & Extras/Resources/Fonts & Materials/Roboto-Bold SDF.asset
  artifactKey: Guid(5302535af1044152a457ed104f1f4b91) Importer(815301076,1909f56bfc062723c751e8b465ee728b)
Start importing Assets/TextMesh Pro/Examples & Extras/Resources/Fonts & Materials/Roboto-Bold SDF.asset using Guid(5302535af1044152a457ed104f1f4b91) Importer(815301076,1909f56bfc062723c751e8b465ee728b)  -> (artifact id: 'fe54531ae43ad10c079c298ebd7bb684') in 0.016668 seconds 
========================================================================
Received Import Request.
  Time since last request: 0.000032 seconds.
  path: Assets/TextMesh Pro/Resources/Fonts & Materials/LiberationSans SDF.asset
  artifactKey: Guid(8f586378b4e144a9851e7b34d9b748ee) Importer(815301076,1909f56bfc062723c751e8b465ee728b)
Start importing Assets/TextMesh Pro/Resources/Fonts & Materials/LiberationSans SDF.asset using Guid(8f586378b4e144a9851e7b34d9b748ee) Importer(815301076,1909f56bfc062723c751e8b465ee728b)  -> (artifact id: 'ba18a9b1e19d43cc2d5dc1b84e6421cf') in 0.064380 seconds 
========================================================================
Received Import Request.
  Time since last request: 0.000039 seconds.
  path: Assets/TextMesh Pro/Examples & Extras/Resources/Fonts & Materials/Oswald Bold SDF.asset
  artifactKey: Guid(0161d805a3764c089bef00bfe00793f5) Importer(815301076,1909f56bfc062723c751e8b465ee728b)
Start importing Assets/TextMesh Pro/Examples & Extras/Resources/Fonts & Materials/Oswald Bold SDF.asset using Guid(0161d805a3764c089bef00bfe00793f5) Importer(815301076,1909f56bfc062723c751e8b465ee728b)  -> (artifact id: '98250d25711beed12833497836c95e89') in 0.034463 seconds 
========================================================================
Received Import Request.
  Time since last request: 121.438353 seconds.
  path: Assets/Resource/ButtonAssetPack-Adwitr/Button (8).png
  artifactKey: Guid(8ec93834412ea0543b6a17dedc38f951) Importer(815301076,1909f56bfc062723c751e8b465ee728b)
Start importing Assets/Resource/ButtonAssetPack-Adwitr/Button (8).png using Guid(8ec93834412ea0543b6a17dedc38f951) Importer(815301076,1909f56bfc062723c751e8b465ee728b)  -> (artifact id: '46860e800a2a3b554574595171f170ab') in 0.011762 seconds 
========================================================================
Received Import Request.
  Time since last request: 21.110943 seconds.
  path: Assets/Resource/ButtonAssetPack-Adwitr/Button (8).png
  artifactKey: Guid(8ec93834412ea0543b6a17dedc38f951) Importer(815301076,1909f56bfc062723c751e8b465ee728b)
Start importing Assets/Resource/ButtonAssetPack-Adwitr/Button (8).png using Guid(8ec93834412ea0543b6a17dedc38f951) Importer(815301076,1909f56bfc062723c751e8b465ee728b)  -> (artifact id: '65339284239b1a7310a7ab3217031a75') in 0.036700 seconds 
========================================================================
Received Import Request.
  Time since last request: 123.622513 seconds.
  path: Assets/Resource/Other/Confetti (16x16).png
  artifactKey: Guid(5f66882d2aeb7314f9814e2829d01e4f) Importer(815301076,1909f56bfc062723c751e8b465ee728b)
Start importing Assets/Resource/Other/Confetti (16x16).png using Guid(5f66882d2aeb7314f9814e2829d01e4f) Importer(815301076,1909f56bfc062723c751e8b465ee728b)  -> (artifact id: 'f39138f94ef7388163bc0070683978ae') in 0.026411 seconds 
========================================================================
Received Import Request.
  Time since last request: 0.000023 seconds.
  path: Assets/Resource/Other/Transition.png
  artifactKey: Guid(0301effa4cf267f47889c6bbc824c0ac) Importer(815301076,1909f56bfc062723c751e8b465ee728b)
Start importing Assets/Resource/Other/Transition.png using Guid(0301effa4cf267f47889c6bbc824c0ac) Importer(815301076,1909f56bfc062723c751e8b465ee728b)  -> (artifact id: 'b536131ba5dca194eafd3fc9ddddf53a') in 0.011459 seconds 
========================================================================
Received Import Request.
  Time since last request: 0.000027 seconds.
  path: Assets/Resource/Other/Shadow.png
  artifactKey: Guid(db0dd428cf017ec4183ec8fa69c6f7c5) Importer(815301076,1909f56bfc062723c751e8b465ee728b)
Start importing Assets/Resource/Other/Shadow.png using Guid(db0dd428cf017ec4183ec8fa69c6f7c5) Importer(815301076,1909f56bfc062723c751e8b465ee728b)  -> (artifact id: '365c032860b6a26a4ae30036cc6941d3') in 0.027854 seconds 
========================================================================
Received Import Request.
  Time since last request: 6.479063 seconds.
  path: Assets/Resource/Menu/Buttons/Achievements.png
  artifactKey: Guid(9c0ec2a3837e50d48a0ddce87159a37c) Importer(815301076,1909f56bfc062723c751e8b465ee728b)
Start importing Assets/Resource/Menu/Buttons/Achievements.png using Guid(9c0ec2a3837e50d48a0ddce87159a37c) Importer(815301076,1909f56bfc062723c751e8b465ee728b)  -> (artifact id: 'bbd6ff2b0d46fdf24ffb3f459f8fb711') in 0.019018 seconds 
========================================================================
Received Import Request.
  Time since last request: 0.000029 seconds.
  path: Assets/Resource/Menu/Buttons/Close.png
  artifactKey: Guid(40377b98a3c60f0479bfacae04170516) Importer(815301076,1909f56bfc062723c751e8b465ee728b)
Start importing Assets/Resource/Menu/Buttons/Close.png using Guid(40377b98a3c60f0479bfacae04170516) Importer(815301076,1909f56bfc062723c751e8b465ee728b)  -> (artifact id: '29645255e43e4691f0bd04192567e57b') in 0.011130 seconds 
========================================================================
Received Import Request.
  Time since last request: 0.000022 seconds.
  path: Assets/Resource/Menu/Buttons/Play.png
  artifactKey: Guid(6faa86d6ba65da24b98935906ba3ad33) Importer(815301076,1909f56bfc062723c751e8b465ee728b)
Start importing Assets/Resource/Menu/Buttons/Play.png using Guid(6faa86d6ba65da24b98935906ba3ad33) Importer(815301076,1909f56bfc062723c751e8b465ee728b)  -> (artifact id: '9102538465af849ea88e18fc626b84fd') in 0.010643 seconds 
========================================================================
Received Import Request.
  Time since last request: 0.000032 seconds.
  path: Assets/Resource/Menu/Buttons/Next.png
  artifactKey: Guid(4f40210fc5cd2844995a8841494fb98f) Importer(815301076,1909f56bfc062723c751e8b465ee728b)
Start importing Assets/Resource/Menu/Buttons/Next.png using Guid(4f40210fc5cd2844995a8841494fb98f) Importer(815301076,1909f56bfc062723c751e8b465ee728b)  -> (artifact id: '365a0a5fb016d3d06231f94cab16e60e') in 0.009126 seconds 
========================================================================
Received Import Request.
  Time since last request: 0.000040 seconds.
  path: Assets/Resource/Menu/Buttons/Previous.png
  artifactKey: Guid(6c15820e73d1ea24aa288b9f2f78d1e7) Importer(815301076,1909f56bfc062723c751e8b465ee728b)
Start importing Assets/Resource/Menu/Buttons/Previous.png using Guid(6c15820e73d1ea24aa288b9f2f78d1e7) Importer(815301076,1909f56bfc062723c751e8b465ee728b)  -> (artifact id: '70f8ffb0a2e499d56dccc1bb74db1a0b') in 0.010681 seconds 
========================================================================
Received Import Request.
  Time since last request: 0.000024 seconds.
  path: Assets/Resource/Menu/Buttons/Restart.png
  artifactKey: Guid(12cb6e157741f5d4c89aab08ab86d46b) Importer(815301076,1909f56bfc062723c751e8b465ee728b)
Start importing Assets/Resource/Menu/Buttons/Restart.png using Guid(12cb6e157741f5d4c89aab08ab86d46b) Importer(815301076,1909f56bfc062723c751e8b465ee728b)  -> (artifact id: 'a267406cbcf3bc9b665dc618e57de1ac') in 0.009987 seconds 
========================================================================
Received Import Request.
  Time since last request: 1.994013 seconds.
  path: Assets/Resource/Menu/Levels/01.png
  artifactKey: Guid(cad2c75ce4c131044a44fcfb23703764) Importer(815301076,1909f56bfc062723c751e8b465ee728b)
Start importing Assets/Resource/Menu/Levels/01.png using Guid(cad2c75ce4c131044a44fcfb23703764) Importer(815301076,1909f56bfc062723c751e8b465ee728b)  -> (artifact id: '6ad89b6ad44052d9ee61c0e0dc581415') in 0.054551 seconds 
========================================================================
Received Import Request.
  Time since last request: 0.000026 seconds.
  path: Assets/Resource/Menu/Levels/41.png
  artifactKey: Guid(bd882537c936e7547ad25e51da459500) Importer(815301076,1909f56bfc062723c751e8b465ee728b)
Start importing Assets/Resource/Menu/Levels/41.png using Guid(bd882537c936e7547ad25e51da459500) Importer(815301076,1909f56bfc062723c751e8b465ee728b)  -> (artifact id: 'ffc27a1f805bae0cada0cb38efebb47b') in 0.026782 seconds 
========================================================================
Received Import Request.
  Time since last request: 0.000055 seconds.
  path: Assets/Resource/Menu/Levels/09.png
  artifactKey: Guid(9e84cb4a2f30ff5439c4456bb58e6332) Importer(815301076,1909f56bfc062723c751e8b465ee728b)
Start importing Assets/Resource/Menu/Levels/09.png using Guid(9e84cb4a2f30ff5439c4456bb58e6332) Importer(815301076,1909f56bfc062723c751e8b465ee728b)  -> (artifact id: '5de2bf54e631ee4bbc833b5d254b9fcb') in 0.010840 seconds 
========================================================================
Received Import Request.
  Time since last request: 0.000032 seconds.
  path: Assets/Resource/Menu/Levels/27.png
  artifactKey: Guid(8948f76df6c225d4491e1479422e49f3) Importer(815301076,1909f56bfc062723c751e8b465ee728b)
Start importing Assets/Resource/Menu/Levels/27.png using Guid(8948f76df6c225d4491e1479422e49f3) Importer(815301076,1909f56bfc062723c751e8b465ee728b)  -> (artifact id: '86d29a4ddd237038a794665e823562eb') in 0.009703 seconds 
========================================================================
Received Import Request.
  Time since last request: 0.000030 seconds.
  path: Assets/Resource/Menu/Levels/13.png
  artifactKey: Guid(8e62c1e987986014fb8a8f47379fc77d) Importer(815301076,1909f56bfc062723c751e8b465ee728b)
Start importing Assets/Resource/Menu/Levels/13.png using Guid(8e62c1e987986014fb8a8f47379fc77d) Importer(815301076,1909f56bfc062723c751e8b465ee728b)  -> (artifact id: '84ba5e9de35692dda0870642497f5fae') in 0.009816 seconds 
========================================================================
Received Import Request.
  Time since last request: 0.000028 seconds.
  path: Assets/Resource/Menu/Levels/10.png
  artifactKey: Guid(ddc765ef22864a5459a8e7e4c22b5181) Importer(815301076,1909f56bfc062723c751e8b465ee728b)
Start importing Assets/Resource/Menu/Levels/10.png using Guid(ddc765ef22864a5459a8e7e4c22b5181) Importer(815301076,1909f56bfc062723c751e8b465ee728b)  -> (artifact id: '61014bd3574c1f80963e217617fa78c0') in 0.010063 seconds 
========================================================================
Received Import Request.
  Time since last request: 0.000023 seconds.
  path: Assets/Resource/Menu/Levels/11.png
  artifactKey: Guid(1bc507a6c95a666498f0bc004e5d3224) Importer(815301076,1909f56bfc062723c751e8b465ee728b)
Start importing Assets/Resource/Menu/Levels/11.png using Guid(1bc507a6c95a666498f0bc004e5d3224) Importer(815301076,1909f56bfc062723c751e8b465ee728b)  -> (artifact id: '07e69330aec93e9a24a8f91b8c6d8981') in 0.008712 seconds 
========================================================================
Received Import Request.
  Time since last request: 0.000026 seconds.
  path: Assets/Resource/Menu/Levels/46.png
  artifactKey: Guid(22e55c0b47d203846b43545f8e90ccb3) Importer(815301076,1909f56bfc062723c751e8b465ee728b)
Start importing Assets/Resource/Menu/Levels/46.png using Guid(22e55c0b47d203846b43545f8e90ccb3) Importer(815301076,1909f56bfc062723c751e8b465ee728b)  -> (artifact id: '1fc18fc81071c08b19a121b8c4d903a5') in 0.009690 seconds 
========================================================================
Received Import Request.
  Time since last request: 0.000025 seconds.
  path: Assets/Resource/Menu/Levels/22.png
  artifactKey: Guid(68e0b2bb57f6149408a7604eee28ad52) Importer(815301076,1909f56bfc062723c751e8b465ee728b)
Start importing Assets/Resource/Menu/Levels/22.png using Guid(68e0b2bb57f6149408a7604eee28ad52) Importer(815301076,1909f56bfc062723c751e8b465ee728b)  -> (artifact id: '97bfd122f654df0c579466a9dd3e27e5') in 0.009865 seconds 
========================================================================
Received Import Request.
  Time since last request: 0.000026 seconds.
  path: Assets/Resource/Menu/Levels/34.png
  artifactKey: Guid(b21916a97858cbc44afb229566530620) Importer(815301076,1909f56bfc062723c751e8b465ee728b)
Start importing Assets/Resource/Menu/Levels/34.png using Guid(b21916a97858cbc44afb229566530620) Importer(815301076,1909f56bfc062723c751e8b465ee728b)  -> (artifact id: '744e90f0e6ea04877bed5dbd2d5dad64') in 0.010628 seconds 
========================================================================
Received Import Request.
  Time since last request: 0.000028 seconds.
  path: Assets/Resource/Menu/Levels/04.png
  artifactKey: Guid(0a8b3a0ee8d8af64bba2bd23c10d2279) Importer(815301076,1909f56bfc062723c751e8b465ee728b)
Start importing Assets/Resource/Menu/Levels/04.png using Guid(0a8b3a0ee8d8af64bba2bd23c10d2279) Importer(815301076,1909f56bfc062723c751e8b465ee728b)  -> (artifact id: '6c446e5a5659bdab008a95b2e74e2c3a') in 0.042590 seconds 
========================================================================
Received Import Request.
  Time since last request: 0.000032 seconds.
  path: Assets/Resource/Menu/Levels/36.png
  artifactKey: Guid(a9302b79c55afd040b4bcb7e8b0aa2f6) Importer(815301076,1909f56bfc062723c751e8b465ee728b)
Start importing Assets/Resource/Menu/Levels/36.png using Guid(a9302b79c55afd040b4bcb7e8b0aa2f6) Importer(815301076,1909f56bfc062723c751e8b465ee728b)  -> (artifact id: '6510fc5bcecefa98aa6b1ed89d145030') in 0.010607 seconds 
========================================================================
Received Import Request.
  Time since last request: 0.000036 seconds.
  path: Assets/Resource/Menu/Levels/25.png
  artifactKey: Guid(4df5fc3630c3568469dbba084a9f5538) Importer(815301076,1909f56bfc062723c751e8b465ee728b)
Start importing Assets/Resource/Menu/Levels/25.png using Guid(4df5fc3630c3568469dbba084a9f5538) Importer(815301076,1909f56bfc062723c751e8b465ee728b)  -> (artifact id: '57729724b7806139bbf611278bde2d2f') in 0.011493 seconds 
========================================================================
Received Import Request.
  Time since last request: 0.000020 seconds.
  path: Assets/Resource/Menu/Levels/31.png
  artifactKey: Guid(682671cf034841646a56f9cb6f5f0406) Importer(815301076,1909f56bfc062723c751e8b465ee728b)
Start importing Assets/Resource/Menu/Levels/31.png using Guid(682671cf034841646a56f9cb6f5f0406) Importer(815301076,1909f56bfc062723c751e8b465ee728b)  -> (artifact id: 'baa4a392a0b3ed11ad9ec1277c6bf31d') in 0.009900 seconds 
========================================================================
Received Import Request.
  Time since last request: 0.000031 seconds.
  path: Assets/Resource/Menu/Levels/30.png
  artifactKey: Guid(8a2d23f950a6e784e9d8b889f748bcd0) Importer(815301076,1909f56bfc062723c751e8b465ee728b)
Start importing Assets/Resource/Menu/Levels/30.png using Guid(8a2d23f950a6e784e9d8b889f748bcd0) Importer(815301076,1909f56bfc062723c751e8b465ee728b)  -> (artifact id: '0987d5dfd88875b4406e8334fadf0371') in 0.009843 seconds 
========================================================================
Received Import Request.
  Time since last request: 0.000030 seconds.
  path: Assets/Resource/Menu/Levels/17.png
  artifactKey: Guid(321973b6f99d3ea498da6f5e851f87ac) Importer(815301076,1909f56bfc062723c751e8b465ee728b)
Start importing Assets/Resource/Menu/Levels/17.png using Guid(321973b6f99d3ea498da6f5e851f87ac) Importer(815301076,1909f56bfc062723c751e8b465ee728b)  -> (artifact id: 'cf7e180573dcdf30d58c861bf95d1ea4') in 0.010657 seconds 
========================================================================
Received Import Request.
  Time since last request: 0.000025 seconds.
  path: Assets/Resource/Menu/Levels/47.png
  artifactKey: Guid(d8162de2223f71343ac829346ea2f774) Importer(815301076,1909f56bfc062723c751e8b465ee728b)
Start importing Assets/Resource/Menu/Levels/47.png using Guid(d8162de2223f71343ac829346ea2f774) Importer(815301076,1909f56bfc062723c751e8b465ee728b)  -> (artifact id: '3271212262cd7cb3d5ef6768bbf62b80') in 0.010994 seconds 
========================================================================
Received Import Request.
  Time since last request: 0.000034 seconds.
  path: Assets/Resource/Menu/Levels/16.png
  artifactKey: Guid(303bbf218d513e94a8a51ca5e13a2272) Importer(815301076,1909f56bfc062723c751e8b465ee728b)
Start importing Assets/Resource/Menu/Levels/16.png using Guid(303bbf218d513e94a8a51ca5e13a2272) Importer(815301076,1909f56bfc062723c751e8b465ee728b)  -> (artifact id: '513a88984e439c15d0e0bb54d110f7d8') in 0.010580 seconds 
========================================================================
Received Import Request.
  Time since last request: 0.000029 seconds.
  path: Assets/Resource/Menu/Levels/14.png
  artifactKey: Guid(2b09e50c938259545bf98040b3dbe54c) Importer(815301076,1909f56bfc062723c751e8b465ee728b)
Start importing Assets/Resource/Menu/Levels/14.png using Guid(2b09e50c938259545bf98040b3dbe54c) Importer(815301076,1909f56bfc062723c751e8b465ee728b)  -> (artifact id: '6e741217d2ede4cc6b5475b0045ad7cf') in 0.009030 seconds 
========================================================================
Received Import Request.
  Time since last request: 0.000025 seconds.
  path: Assets/Resource/Menu/Levels/44.png
  artifactKey: Guid(39d66fc2e45bd2543b169971ca4a173b) Importer(815301076,1909f56bfc062723c751e8b465ee728b)
Start importing Assets/Resource/Menu/Levels/44.png using Guid(39d66fc2e45bd2543b169971ca4a173b) Importer(815301076,1909f56bfc062723c751e8b465ee728b)  -> (artifact id: '0c3e98d68ea5dee3262ab8e8e2507ef9') in 0.010053 seconds 
========================================================================
Received Import Request.
  Time since last request: 0.000036 seconds.
  path: Assets/Resource/Menu/Levels/45.png
  artifactKey: Guid(030f66b13280f9244b50c27e68a61c6a) Importer(815301076,1909f56bfc062723c751e8b465ee728b)
Start importing Assets/Resource/Menu/Levels/45.png using Guid(030f66b13280f9244b50c27e68a61c6a) Importer(815301076,1909f56bfc062723c751e8b465ee728b)  -> (artifact id: '5bcdc2af484ccf38b04271f94413d603') in 0.012699 seconds 
========================================================================
Received Import Request.
  Time since last request: 0.000027 seconds.
  path: Assets/Resource/Menu/Levels/28.png
  artifactKey: Guid(3b0262678cee2d147894e4107fc63acc) Importer(815301076,1909f56bfc062723c751e8b465ee728b)
Start importing Assets/Resource/Menu/Levels/28.png using Guid(3b0262678cee2d147894e4107fc63acc) Importer(815301076,1909f56bfc062723c751e8b465ee728b)  -> (artifact id: '6e6b0da084cb5bcaafc69019669f481c') in 0.009259 seconds 
========================================================================
Received Import Request.
  Time since last request: 0.000026 seconds.
  path: Assets/Resource/Menu/Levels/39.png
  artifactKey: Guid(147f15e31c7017148aeec6f9cfb9cbf4) Importer(815301076,1909f56bfc062723c751e8b465ee728b)
Start importing Assets/Resource/Menu/Levels/39.png using Guid(147f15e31c7017148aeec6f9cfb9cbf4) Importer(815301076,1909f56bfc062723c751e8b465ee728b)  -> (artifact id: '04484d1f14ef48334460027498ce5660') in 0.026688 seconds 
========================================================================
Received Import Request.
  Time since last request: 0.000026 seconds.
  path: Assets/Resource/Menu/Levels/43.png
  artifactKey: Guid(79a34bb3865734e48bb9a5ec174b205c) Importer(815301076,1909f56bfc062723c751e8b465ee728b)
Start importing Assets/Resource/Menu/Levels/43.png using Guid(79a34bb3865734e48bb9a5ec174b205c) Importer(815301076,1909f56bfc062723c751e8b465ee728b)  -> (artifact id: '3e230e1f6324301a6a96df35b363343f') in 0.009313 seconds 
========================================================================
Received Import Request.
  Time since last request: 0.000030 seconds.
  path: Assets/Resource/Menu/Levels/21.png
  artifactKey: Guid(eab2f6bdb1f895f4b9d40062d03d37b6) Importer(815301076,1909f56bfc062723c751e8b465ee728b)
Start importing Assets/Resource/Menu/Levels/21.png using Guid(eab2f6bdb1f895f4b9d40062d03d37b6) Importer(815301076,1909f56bfc062723c751e8b465ee728b)  -> (artifact id: '7ab73836f7f0218f9486221fe88a9196') in 0.008547 seconds 
========================================================================
Received Import Request.
  Time since last request: 0.762093 seconds.
  path: Assets/Resource/Menu/Text/Text (Black) (8x10).png
  artifactKey: Guid(1dfd76677cf31a943aac7044380c0c85) Importer(815301076,1909f56bfc062723c751e8b465ee728b)
Start importing Assets/Resource/Menu/Text/Text (Black) (8x10).png using Guid(1dfd76677cf31a943aac7044380c0c85) Importer(815301076,1909f56bfc062723c751e8b465ee728b)  -> (artifact id: '5aa0c8154839d53b5c65b96c9b9c5f77') in 0.010725 seconds 
Editor requested this worker to shutdown with reason: Scaling down because of idle timeout
AssetImportWorker is now disconnected from the server
Process exiting
Exiting without the bug reporter. Application will terminate with return code 0